2025-04-24T14:13:19.875+08:00  INFO 40840 --- [spring-z-boot-02-mybatis] [restartedMain] c.q.SpringZBoot05ThymeleafApplication    : Starting SpringZBoot05ThymeleafApplication using Java 17.0.3.1 with PID 40840 (D:\dev\Code\SpringBoot\spring-z-boot-05-thymeleaf\target\classes started by de'l'l in D:\dev\Code\SpringBoot)
2025-04-24T14:13:19.877+08:00  INFO 40840 --- [spring-z-boot-02-mybatis] [restartedMain] c.q.SpringZBoot05ThymeleafApplication    : No active profile set, falling back to 1 default profile: "default"
2025-04-24T14:13:19.908+08:00  INFO 40840 --- [spring-z-boot-02-mybatis] [restartedMain] .e.DevToolsPropertyDefaultsPostProcessor : Devtools property defaults active! Set 'spring.devtools.add-properties' to 'false' to disable
2025-04-24T14:13:19.910+08:00  INFO 40840 --- [spring-z-boot-02-mybatis] [restartedMain] .e.DevToolsPropertyDefaultsPostProcessor : For additional web related logging consider setting the 'logging.level.web' property to 'DEBUG'
2025-04-24T14:13:20.488+08:00  INFO 40840 --- [spring-z-boot-02-mybatis] [restartedMain] o.s.b.w.embedded.tomcat.TomcatWebServer  : Tomcat initialized with port 8080 (http)
2025-04-24T14:13:20.495+08:00  INFO 40840 --- [spring-z-boot-02-mybatis] [restartedMain] o.apache.catalina.core.StandardService   : Starting service [Tomcat]
2025-04-24T14:13:20.495+08:00  INFO 40840 --- [spring-z-boot-02-mybatis] [restartedMain] o.apache.catalina.core.StandardEngine    : Starting Servlet engine: [Apache Tomcat/10.1.39]
2025-04-24T14:13:20.518+08:00  INFO 40840 --- [spring-z-boot-02-mybatis] [restartedMain] o.a.c.c.C.[Tomcat].[localhost].[/]       : Initializing Spring embedded WebApplicationContext
2025-04-24T14:13:20.518+08:00  INFO 40840 --- [spring-z-boot-02-mybatis] [restartedMain] w.s.c.ServletWebServerApplicationContext : Root WebApplicationContext: initialization completed in 608 ms
2025-04-24T14:13:20.724+08:00  INFO 40840 --- [spring-z-boot-02-mybatis] [restartedMain] o.s.b.a.w.s.WelcomePageHandlerMapping    : Adding welcome page template: index
2025-04-24T14:13:20.920+08:00  INFO 40840 --- [spring-z-boot-02-mybatis] [restartedMain] o.s.b.d.a.OptionalLiveReloadServer       : LiveReload server is running on port 35729
2025-04-24T14:13:20.941+08:00  INFO 40840 --- [spring-z-boot-02-mybatis] [restartedMain] o.s.b.w.embedded.tomcat.TomcatWebServer  : Tomcat started on port 8080 (http) with context path '/'
2025-04-24T14:13:20.947+08:00  INFO 40840 --- [spring-z-boot-02-mybatis] [restartedMain] c.q.SpringZBoot05ThymeleafApplication    : Started SpringZBoot05ThymeleafApplication in 1.353 seconds (process running for 1.669)
2025-04-24T14:13:23.608+08:00  INFO 40840 --- [spring-z-boot-02-mybatis] [SpringApplicationShutdownHook] o.s.b.w.e.tomcat.GracefulShutdown        : Commencing graceful shutdown. Waiting for active requests to complete
2025-04-24T14:13:23.820+08:00  INFO 40840 --- [spring-z-boot-02-mybatis] [tomcat-shutdown] o.s.b.w.e.tomcat.GracefulShutdown        : Graceful shutdown complete
2025-04-24T14:36:35.472+08:00  INFO 34964 --- [spring-z-boot-02-mybatis] [restartedMain] c.q.SpringZBoot05ThymeleafApplication    : Starting SpringZBoot05ThymeleafApplication using Java 17.0.3.1 with PID 34964 (D:\dev\Code\SpringBoot\spring-z-boot-05-thymeleaf\target\classes started by de'l'l in D:\dev\Code\SpringBoot)
2025-04-24T14:36:35.477+08:00  INFO 34964 --- [spring-z-boot-02-mybatis] [restartedMain] c.q.SpringZBoot05ThymeleafApplication    : No active profile set, falling back to 1 default profile: "default"
2025-04-24T14:36:35.505+08:00  INFO 34964 --- [spring-z-boot-02-mybatis] [restartedMain] .e.DevToolsPropertyDefaultsPostProcessor : Devtools property defaults active! Set 'spring.devtools.add-properties' to 'false' to disable
2025-04-24T14:36:35.505+08:00  INFO 34964 --- [spring-z-boot-02-mybatis] [restartedMain] .e.DevToolsPropertyDefaultsPostProcessor : For additional web related logging consider setting the 'logging.level.web' property to 'DEBUG'
2025-04-24T14:36:36.096+08:00  INFO 34964 --- [spring-z-boot-02-mybatis] [restartedMain] o.s.b.w.e.t.TomcatWebServer              : Tomcat initialized with port 8080 (http)
2025-04-24T14:36:36.107+08:00  INFO 34964 --- [spring-z-boot-02-mybatis] [restartedMain] o.a.c.c.StandardService                  : Starting service [Tomcat]
2025-04-24T14:36:36.107+08:00  INFO 34964 --- [spring-z-boot-02-mybatis] [restartedMain] o.a.c.c.StandardEngine                   : Starting Servlet engine: [Apache Tomcat/10.1.39]
2025-04-24T14:36:36.133+08:00  INFO 34964 --- [spring-z-boot-02-mybatis] [restartedMain] o.a.c.c.C.[.[.[/]                        : Initializing Spring embedded WebApplicationContext
2025-04-24T14:36:36.133+08:00  INFO 34964 --- [spring-z-boot-02-mybatis] [restartedMain] w.s.c.ServletWebServerApplicationContext : Root WebApplicationContext: initialization completed in 628 ms
2025-04-24T14:36:36.345+08:00  INFO 34964 --- [spring-z-boot-02-mybatis] [restartedMain] o.s.b.a.w.s.WelcomePageHandlerMapping    : Adding welcome page template: index
2025-04-24T14:36:36.536+08:00  INFO 34964 --- [spring-z-boot-02-mybatis] [restartedMain] o.s.b.d.a.OptionalLiveReloadServer       : LiveReload server is running on port 35729
2025-04-24T14:36:36.559+08:00  INFO 34964 --- [spring-z-boot-02-mybatis] [restartedMain] o.s.b.w.e.t.TomcatWebServer              : Tomcat started on port 8080 (http) with context path '/'
2025-04-24T14:36:36.567+08:00  INFO 34964 --- [spring-z-boot-02-mybatis] [restartedMain] c.q.SpringZBoot05ThymeleafApplication    : Started SpringZBoot05ThymeleafApplication in 1.375 seconds (process running for 1.826)
2025-04-24T14:36:41.530+08:00  INFO 34964 --- [spring-z-boot-02-mybatis] [SpringApplicationShutdownHook] o.s.b.w.e.t.GracefulShutdown             : Commencing graceful shutdown. Waiting for active requests to complete
2025-04-24T14:36:41.738+08:00  INFO 34964 --- [spring-z-boot-02-mybatis] [tomcat-shutdown] o.s.b.w.e.t.GracefulShutdown             : Graceful shutdown complete
2025-04-24T17:12:26.963+08:00  INFO 10136 --- [spring-z-boot-02-mybatis] [restartedMain] c.q.SpringZBoot05ThymeleafApplication    : Starting SpringZBoot05ThymeleafApplication using Java 17.0.3.1 with PID 10136 (D:\dev\Code\SpringBoot\spring-z-boot-05-thymeleaf\target\classes started by de'l'l in D:\dev\Code\SpringBoot)
2025-04-24T17:12:26.968+08:00  INFO 10136 --- [spring-z-boot-02-mybatis] [restartedMain] c.q.SpringZBoot05ThymeleafApplication    : No active profile set, falling back to 1 default profile: "default"
2025-04-24T17:12:27.022+08:00  INFO 10136 --- [spring-z-boot-02-mybatis] [restartedMain] .e.DevToolsPropertyDefaultsPostProcessor : Devtools property defaults active! Set 'spring.devtools.add-properties' to 'false' to disable
2025-04-24T17:12:27.022+08:00  INFO 10136 --- [spring-z-boot-02-mybatis] [restartedMain] .e.DevToolsPropertyDefaultsPostProcessor : For additional web related logging consider setting the 'logging.level.web' property to 'DEBUG'
2025-04-24T17:12:27.756+08:00  INFO 10136 --- [spring-z-boot-02-mybatis] [restartedMain] o.s.b.w.e.t.TomcatWebServer              : Tomcat initialized with port 8080 (http)
2025-04-24T17:12:27.767+08:00  INFO 10136 --- [spring-z-boot-02-mybatis] [restartedMain] o.a.c.c.StandardService                  : Starting service [Tomcat]
2025-04-24T17:12:27.767+08:00  INFO 10136 --- [spring-z-boot-02-mybatis] [restartedMain] o.a.c.c.StandardEngine                   : Starting Servlet engine: [Apache Tomcat/10.1.39]
2025-04-24T17:12:27.798+08:00  INFO 10136 --- [spring-z-boot-02-mybatis] [restartedMain] o.a.c.c.C.[.[.[/]                        : Initializing Spring embedded WebApplicationContext
2025-04-24T17:12:27.798+08:00  INFO 10136 --- [spring-z-boot-02-mybatis] [restartedMain] w.s.c.ServletWebServerApplicationContext : Root WebApplicationContext: initialization completed in 773 ms
2025-04-24T17:12:28.056+08:00  INFO 10136 --- [spring-z-boot-02-mybatis] [restartedMain] o.s.b.a.w.s.WelcomePageHandlerMapping    : Adding welcome page template: index
2025-04-24T17:12:28.285+08:00  INFO 10136 --- [spring-z-boot-02-mybatis] [restartedMain] o.s.b.d.a.OptionalLiveReloadServer       : LiveReload server is running on port 35729
2025-04-24T17:12:28.305+08:00  INFO 10136 --- [spring-z-boot-02-mybatis] [restartedMain] o.s.b.w.e.t.TomcatWebServer              : Tomcat started on port 8080 (http) with context path '/'
2025-04-24T17:12:28.313+08:00  INFO 10136 --- [spring-z-boot-02-mybatis] [restartedMain] c.q.SpringZBoot05ThymeleafApplication    : Started SpringZBoot05ThymeleafApplication in 1.723 seconds (process running for 2.308)
2025-04-24T17:12:39.623+08:00  INFO 10136 --- [spring-z-boot-02-mybatis] [http-nio-8080-exec-1] o.a.c.c.C.[.[.[/]                        : Initializing Spring DispatcherServlet 'dispatcherServlet'
2025-04-24T17:12:39.623+08:00  INFO 10136 --- [spring-z-boot-02-mybatis] [http-nio-8080-exec-1] o.s.w.s.DispatcherServlet                : Initializing Servlet 'dispatcherServlet'
2025-04-24T17:12:39.624+08:00  INFO 10136 --- [spring-z-boot-02-mybatis] [http-nio-8080-exec-1] o.s.w.s.DispatcherServlet                : Completed initialization in 1 ms
2025-04-24T17:12:39.646+08:00  INFO 10136 --- [spring-z-boot-02-mybatis] [http-nio-8080-exec-1] c.z.h.HikariDataSource                   : HikariPool-1 - Starting...
2025-04-24T17:12:39.753+08:00  INFO 10136 --- [spring-z-boot-02-mybatis] [http-nio-8080-exec-1] c.z.h.p.HikariPool                       : HikariPool-1 - Added connection com.mysql.cj.jdbc.ConnectionImpl@3d40d538
2025-04-24T17:12:39.754+08:00  INFO 10136 --- [spring-z-boot-02-mybatis] [http-nio-8080-exec-1] c.z.h.HikariDataSource                   : HikariPool-1 - Start completed.
2025-04-24T17:12:39.831+08:00  WARN 10136 --- [spring-z-boot-02-mybatis] [http-nio-8080-exec-1] .m.m.a.ExceptionHandlerExceptionResolver : Resolved [java.lang.ArithmeticException: / by zero]
2025-04-24T17:12:39.917+08:00  WARN 10136 --- [spring-z-boot-02-mybatis] [http-nio-8080-exec-5] .m.m.a.ExceptionHandlerExceptionResolver : Resolved [org.springframework.web.servlet.resource.NoResourceFoundException: No static resource favicon.ico.]
2025-04-24T17:12:49.215+08:00  INFO 10136 --- [spring-z-boot-02-mybatis] [SpringApplicationShutdownHook] o.s.b.w.e.t.GracefulShutdown             : Commencing graceful shutdown. Waiting for active requests to complete
2025-04-24T17:12:49.458+08:00  INFO 10136 --- [spring-z-boot-02-mybatis] [tomcat-shutdown] o.s.b.w.e.t.GracefulShutdown             : Graceful shutdown complete
2025-04-24T17:12:49.462+08:00  INFO 10136 --- [spring-z-boot-02-mybatis] [SpringApplicationShutdownHook] c.z.h.HikariDataSource                   : HikariPool-1 - Shutdown initiated...
2025-04-24T17:12:49.470+08:00  INFO 10136 --- [spring-z-boot-02-mybatis] [SpringApplicationShutdownHook] c.z.h.HikariDataSource                   : HikariPool-1 - Shutdown completed.
2025-04-24T17:16:49.709+08:00  INFO 464 --- [spring-z-boot-02-mybatis] [restartedMain] c.q.SpringZBoot05ThymeleafApplication    : Starting SpringZBoot05ThymeleafApplication using Java 17.0.3.1 with PID 464 (D:\dev\Code\SpringBoot\spring-z-boot-05-thymeleaf\target\classes started by de'l'l in D:\dev\Code\SpringBoot)
2025-04-24T17:16:49.714+08:00  INFO 464 --- [spring-z-boot-02-mybatis] [restartedMain] c.q.SpringZBoot05ThymeleafApplication    : No active profile set, falling back to 1 default profile: "default"
2025-04-24T17:16:49.739+08:00  INFO 464 --- [spring-z-boot-02-mybatis] [restartedMain] .e.DevToolsPropertyDefaultsPostProcessor : Devtools property defaults active! Set 'spring.devtools.add-properties' to 'false' to disable
2025-04-24T17:16:49.739+08:00  INFO 464 --- [spring-z-boot-02-mybatis] [restartedMain] .e.DevToolsPropertyDefaultsPostProcessor : For additional web related logging consider setting the 'logging.level.web' property to 'DEBUG'
2025-04-24T17:16:50.317+08:00  INFO 464 --- [spring-z-boot-02-mybatis] [restartedMain] o.s.b.w.e.t.TomcatWebServer              : Tomcat initialized with port 8080 (http)
2025-04-24T17:16:50.327+08:00  INFO 464 --- [spring-z-boot-02-mybatis] [restartedMain] o.a.c.c.StandardService                  : Starting service [Tomcat]
2025-04-24T17:16:50.328+08:00  INFO 464 --- [spring-z-boot-02-mybatis] [restartedMain] o.a.c.c.StandardEngine                   : Starting Servlet engine: [Apache Tomcat/10.1.39]
2025-04-24T17:16:50.354+08:00  INFO 464 --- [spring-z-boot-02-mybatis] [restartedMain] o.a.c.c.C.[.[.[/]                        : Initializing Spring embedded WebApplicationContext
2025-04-24T17:16:50.354+08:00  INFO 464 --- [spring-z-boot-02-mybatis] [restartedMain] w.s.c.ServletWebServerApplicationContext : Root WebApplicationContext: initialization completed in 615 ms
2025-04-24T17:16:50.561+08:00  INFO 464 --- [spring-z-boot-02-mybatis] [restartedMain] o.s.b.a.w.s.WelcomePageHandlerMapping    : Adding welcome page template: index
2025-04-24T17:16:50.746+08:00  INFO 464 --- [spring-z-boot-02-mybatis] [restartedMain] o.s.b.d.a.OptionalLiveReloadServer       : LiveReload server is running on port 35729
2025-04-24T17:16:50.768+08:00  INFO 464 --- [spring-z-boot-02-mybatis] [restartedMain] o.s.b.w.e.t.TomcatWebServer              : Tomcat started on port 8080 (http) with context path '/'
2025-04-24T17:16:50.775+08:00  INFO 464 --- [spring-z-boot-02-mybatis] [restartedMain] c.q.SpringZBoot05ThymeleafApplication    : Started SpringZBoot05ThymeleafApplication in 1.34 seconds (process running for 1.784)
2025-04-24T17:17:00.184+08:00  INFO 464 --- [spring-z-boot-02-mybatis] [http-nio-8080-exec-1] o.a.c.c.C.[.[.[/]                        : Initializing Spring DispatcherServlet 'dispatcherServlet'
2025-04-24T17:17:00.185+08:00  INFO 464 --- [spring-z-boot-02-mybatis] [http-nio-8080-exec-1] o.s.w.s.DispatcherServlet                : Initializing Servlet 'dispatcherServlet'
2025-04-24T17:17:00.186+08:00  INFO 464 --- [spring-z-boot-02-mybatis] [http-nio-8080-exec-1] o.s.w.s.DispatcherServlet                : Completed initialization in 1 ms
2025-04-24T17:17:00.206+08:00  INFO 464 --- [spring-z-boot-02-mybatis] [http-nio-8080-exec-1] c.z.h.HikariDataSource                   : HikariPool-1 - Starting...
2025-04-24T17:17:00.307+08:00  INFO 464 --- [spring-z-boot-02-mybatis] [http-nio-8080-exec-1] c.z.h.p.HikariPool                       : HikariPool-1 - Added connection com.mysql.cj.jdbc.ConnectionImpl@15d6cf65
2025-04-24T17:17:00.309+08:00  INFO 464 --- [spring-z-boot-02-mybatis] [http-nio-8080-exec-1] c.z.h.HikariDataSource                   : HikariPool-1 - Start completed.
2025-04-24T17:17:00.379+08:00  WARN 464 --- [spring-z-boot-02-mybatis] [http-nio-8080-exec-1] .m.m.a.ExceptionHandlerExceptionResolver : Resolved [java.lang.ArithmeticException: / by zero]
2025-04-24T17:17:00.440+08:00  WARN 464 --- [spring-z-boot-02-mybatis] [http-nio-8080-exec-3] .m.m.a.ExceptionHandlerExceptionResolver : Resolved [org.springframework.web.servlet.resource.NoResourceFoundException: No static resource favicon.ico.]
2025-04-24T17:17:37.853+08:00  INFO 464 --- [spring-z-boot-02-mybatis] [File Watcher] rtingClassPathChangeChangedEventListener : Restarting due to 2 class path changes (0 additions, 2 deletions, 0 modifications)
2025-04-24T17:17:37.855+08:00  INFO 464 --- [spring-z-boot-02-mybatis] [Thread-5] o.s.b.w.e.t.GracefulShutdown             : Commencing graceful shutdown. Waiting for active requests to complete
2025-04-24T17:17:38.073+08:00  INFO 464 --- [spring-z-boot-02-mybatis] [tomcat-shutdown] o.s.b.w.e.t.GracefulShutdown             : Graceful shutdown complete
2025-04-24T17:17:38.077+08:00  INFO 464 --- [spring-z-boot-02-mybatis] [Thread-5] c.z.h.HikariDataSource                   : HikariPool-1 - Shutdown initiated...
2025-04-24T17:17:38.081+08:00  INFO 464 --- [spring-z-boot-02-mybatis] [Thread-5] c.z.h.HikariDataSource                   : HikariPool-1 - Shutdown completed.
2025-04-24T17:17:38.134+08:00  INFO 464 --- [spring-z-boot-02-mybatis] [restartedMain] c.q.SpringZBoot05ThymeleafApplication    : Starting SpringZBoot05ThymeleafApplication using Java 17.0.3.1 with PID 464 (D:\dev\Code\SpringBoot\spring-z-boot-05-thymeleaf\target\classes started by de'l'l in D:\dev\Code\SpringBoot)
2025-04-24T17:17:38.134+08:00  INFO 464 --- [spring-z-boot-02-mybatis] [restartedMain] c.q.SpringZBoot05ThymeleafApplication    : No active profile set, falling back to 1 default profile: "default"
2025-04-24T17:17:38.243+08:00  INFO 464 --- [spring-z-boot-02-mybatis] [restartedMain] o.s.b.w.e.t.TomcatWebServer              : Tomcat initialized with port 8080 (http)
2025-04-24T17:17:38.244+08:00  INFO 464 --- [spring-z-boot-02-mybatis] [restartedMain] o.a.c.c.StandardService                  : Starting service [Tomcat]
2025-04-24T17:17:38.244+08:00  INFO 464 --- [spring-z-boot-02-mybatis] [restartedMain] o.a.c.c.StandardEngine                   : Starting Servlet engine: [Apache Tomcat/10.1.39]
2025-04-24T17:17:38.250+08:00  INFO 464 --- [spring-z-boot-02-mybatis] [restartedMain] o.a.c.c.C.[.[.[/]                        : Initializing Spring embedded WebApplicationContext
2025-04-24T17:17:38.250+08:00  INFO 464 --- [spring-z-boot-02-mybatis] [restartedMain] w.s.c.ServletWebServerApplicationContext : Root WebApplicationContext: initialization completed in 114 ms
2025-04-24T17:17:38.255+08:00  WARN 464 --- [spring-z-boot-02-mybatis] [restartedMain] ConfigServletWebServerApplicationContext : Exception encountered during context initialization - cancelling refresh attempt: org.springframework.beans.factory.BeanCreationException: Error creating bean with name 'helloController': Lookup method resolution failed
2025-04-24T17:17:38.256+08:00  INFO 464 --- [spring-z-boot-02-mybatis] [restartedMain] o.a.c.c.StandardService                  : Stopping service [Tomcat]
2025-04-24T17:17:38.260+08:00  INFO 464 --- [spring-z-boot-02-mybatis] [restartedMain] .s.b.a.l.ConditionEvaluationReportLogger : 

Error starting ApplicationContext. To display the condition evaluation report re-run your application with 'debug' enabled.
2025-04-24T17:17:38.274+08:00 ERROR 464 --- [spring-z-boot-02-mybatis] [restartedMain] o.s.b.SpringApplication                  : Application run failed

org.springframework.beans.factory.BeanCreationException: Error creating bean with name 'helloController': Lookup method resolution failed
	at org.springframework.beans.factory.annotation.AutowiredAnnotationBeanPostProcessor.checkLookupMethods(AutowiredAnnotationBeanPostProcessor.java:498) ~[spring-beans-6.2.5.jar:6.2.5]
	at org.springframework.beans.factory.annotation.AutowiredAnnotationBeanPostProcessor.determineCandidateConstructors(AutowiredAnnotationBeanPostProcessor.java:368) ~[spring-beans-6.2.5.jar:6.2.5]
	at org.springframework.beans.factory.support.AbstractAutowireCapableBeanFactory.determineConstructorsFromBeanPostProcessors(AbstractAutowireCapableBeanFactory.java:1320) ~[spring-beans-6.2.5.jar:6.2.5]
	at org.springframework.beans.factory.support.AbstractAutowireCapableBeanFactory.createBeanInstance(AbstractAutowireCapableBeanFactory.java:1215) ~[spring-beans-6.2.5.jar:6.2.5]
	at org.springframework.beans.factory.support.AbstractAutowireCapableBeanFactory.doCreateBean(AbstractAutowireCapableBeanFactory.java:563) ~[spring-beans-6.2.5.jar:6.2.5]
	at org.springframework.beans.factory.support.AbstractAutowireCapableBeanFactory.createBean(AbstractAutowireCapableBeanFactory.java:523) ~[spring-beans-6.2.5.jar:6.2.5]
	at org.springframework.beans.factory.support.AbstractBeanFactory.lambda$doGetBean$0(AbstractBeanFactory.java:339) ~[spring-beans-6.2.5.jar:6.2.5]
	at org.springframework.beans.factory.support.DefaultSingletonBeanRegistry.getSingleton(DefaultSingletonBeanRegistry.java:347) ~[spring-beans-6.2.5.jar:6.2.5]
	at org.springframework.beans.factory.support.AbstractBeanFactory.doGetBean(AbstractBeanFactory.java:337) ~[spring-beans-6.2.5.jar:6.2.5]
	at org.springframework.beans.factory.support.AbstractBeanFactory.getBean(AbstractBeanFactory.java:202) ~[spring-beans-6.2.5.jar:6.2.5]
	at org.springframework.beans.factory.support.DefaultListableBeanFactory.instantiateSingleton(DefaultListableBeanFactory.java:1155) ~[spring-beans-6.2.5.jar:6.2.5]
	at org.springframework.beans.factory.support.DefaultListableBeanFactory.preInstantiateSingleton(DefaultListableBeanFactory.java:1121) ~[spring-beans-6.2.5.jar:6.2.5]
	at org.springframework.beans.factory.support.DefaultListableBeanFactory.preInstantiateSingletons(DefaultListableBeanFactory.java:1056) ~[spring-beans-6.2.5.jar:6.2.5]
	at org.springframework.context.support.AbstractApplicationContext.finishBeanFactoryInitialization(AbstractApplicationContext.java:987) ~[spring-context-6.2.5.jar:6.2.5]
	at org.springframework.context.support.AbstractApplicationContext.refresh(AbstractApplicationContext.java:627) ~[spring-context-6.2.5.jar:6.2.5]
	at org.springframework.boot.web.servlet.context.ServletWebServerApplicationContext.refresh(ServletWebServerApplicationContext.java:146) ~[spring-boot-3.4.4.jar:3.4.4]
	at org.springframework.boot.SpringApplication.refresh(SpringApplication.java:752) [spring-boot-3.4.4.jar:3.4.4]
	at org.springframework.boot.SpringApplication.refreshContext(SpringApplication.java:439) [spring-boot-3.4.4.jar:3.4.4]
	at org.springframework.boot.SpringApplication.run(SpringApplication.java:318) [spring-boot-3.4.4.jar:3.4.4]
	at org.springframework.boot.SpringApplication.run(SpringApplication.java:1361) [spring-boot-3.4.4.jar:3.4.4]
	at org.springframework.boot.SpringApplication.run(SpringApplication.java:1350) [spring-boot-3.4.4.jar:3.4.4]
	at com.qiye.SpringZBoot05ThymeleafApplication.main(SpringZBoot05ThymeleafApplication.java:12) [classes/:?]
	at java.base/jdk.internal.reflect.NativeMethodAccessorImpl.invoke0(Native Method) ~[?:?]
	at java.base/jdk.internal.reflect.NativeMethodAccessorImpl.invoke(NativeMethodAccessorImpl.java:77) ~[?:?]
	at java.base/jdk.internal.reflect.DelegatingMethodAccessorImpl.invoke(DelegatingMethodAccessorImpl.java:43) ~[?:?]
	at java.base/java.lang.reflect.Method.invoke(Method.java:568) ~[?:?]
	at org.springframework.boot.devtools.restart.RestartLauncher.run(RestartLauncher.java:50) [spring-boot-devtools-3.4.4.jar:3.4.4]
Caused by: java.lang.IllegalStateException: Failed to introspect Class [com.qiye.controller.HelloController] from ClassLoader [org.springframework.boot.devtools.restart.classloader.RestartClassLoader@45971fcb]
	at org.springframework.util.ReflectionUtils.getDeclaredMethods(ReflectionUtils.java:483) ~[spring-core-6.2.5.jar:6.2.5]
	at org.springframework.util.ReflectionUtils.doWithLocalMethods(ReflectionUtils.java:320) ~[spring-core-6.2.5.jar:6.2.5]
	at org.springframework.beans.factory.annotation.AutowiredAnnotationBeanPostProcessor.checkLookupMethods(AutowiredAnnotationBeanPostProcessor.java:476) ~[spring-beans-6.2.5.jar:6.2.5]
	... 26 more
Caused by: java.lang.NoClassDefFoundError: com/qiye/result/R
	at java.base/java.lang.Class.getDeclaredMethods0(Native Method) ~[?:?]
	at java.base/java.lang.Class.privateGetDeclaredMethods(Class.java:3402) ~[?:?]
	at java.base/java.lang.Class.getDeclaredMethods(Class.java:2504) ~[?:?]
	at org.springframework.util.ReflectionUtils.getDeclaredMethods(ReflectionUtils.java:465) ~[spring-core-6.2.5.jar:6.2.5]
	at org.springframework.util.ReflectionUtils.doWithLocalMethods(ReflectionUtils.java:320) ~[spring-core-6.2.5.jar:6.2.5]
	at org.springframework.beans.factory.annotation.AutowiredAnnotationBeanPostProcessor.checkLookupMethods(AutowiredAnnotationBeanPostProcessor.java:476) ~[spring-beans-6.2.5.jar:6.2.5]
	... 26 more
Caused by: java.lang.ClassNotFoundException: com.qiye.result.R
	at java.base/jdk.internal.loader.BuiltinClassLoader.loadClass(BuiltinClassLoader.java:641) ~[?:?]
	at java.base/jdk.internal.loader.ClassLoaders$AppClassLoader.loadClass(ClassLoaders.java:188) ~[?:?]
	at java.base/java.lang.ClassLoader.loadClass(ClassLoader.java:520) ~[?:?]
	at java.base/java.lang.Class.forName0(Native Method) ~[?:?]
	at java.base/java.lang.Class.forName(Class.java:467) ~[?:?]
	at org.springframework.boot.devtools.restart.classloader.RestartClassLoader.loadClass(RestartClassLoader.java:121) ~[spring-boot-devtools-3.4.4.jar:3.4.4]
	at java.base/java.lang.ClassLoader.loadClass(ClassLoader.java:520) ~[?:?]
	at java.base/java.lang.Class.getDeclaredMethods0(Native Method) ~[?:?]
	at java.base/java.lang.Class.privateGetDeclaredMethods(Class.java:3402) ~[?:?]
	at java.base/java.lang.Class.getDeclaredMethods(Class.java:2504) ~[?:?]
	at org.springframework.util.ReflectionUtils.getDeclaredMethods(ReflectionUtils.java:465) ~[spring-core-6.2.5.jar:6.2.5]
	at org.springframework.util.ReflectionUtils.doWithLocalMethods(ReflectionUtils.java:320) ~[spring-core-6.2.5.jar:6.2.5]
	at org.springframework.beans.factory.annotation.AutowiredAnnotationBeanPostProcessor.checkLookupMethods(AutowiredAnnotationBeanPostProcessor.java:476) ~[spring-beans-6.2.5.jar:6.2.5]
	... 26 more

2025-04-24T17:18:05.056+08:00  INFO 464 --- [spring-z-boot-02-mybatis] [restartedMain] c.q.SpringZBoot05ThymeleafApplication    : Starting SpringZBoot05ThymeleafApplication using Java 17.0.3.1 with PID 464 (D:\dev\Code\SpringBoot\spring-z-boot-05-thymeleaf\target\classes started by de'l'l in D:\dev\Code\SpringBoot)
2025-04-24T17:18:05.057+08:00  INFO 464 --- [spring-z-boot-02-mybatis] [restartedMain] c.q.SpringZBoot05ThymeleafApplication    : No active profile set, falling back to 1 default profile: "default"
2025-04-24T17:18:05.163+08:00  INFO 464 --- [spring-z-boot-02-mybatis] [restartedMain] o.s.b.w.e.t.TomcatWebServer              : Tomcat initialized with port 8080 (http)
2025-04-24T17:18:05.164+08:00  INFO 464 --- [spring-z-boot-02-mybatis] [restartedMain] o.a.c.c.StandardService                  : Starting service [Tomcat]
2025-04-24T17:18:05.164+08:00  INFO 464 --- [spring-z-boot-02-mybatis] [restartedMain] o.a.c.c.StandardEngine                   : Starting Servlet engine: [Apache Tomcat/10.1.39]
2025-04-24T17:18:05.172+08:00  INFO 464 --- [spring-z-boot-02-mybatis] [restartedMain] o.a.c.c.C.[.[.[/]                        : Initializing Spring embedded WebApplicationContext
2025-04-24T17:18:05.173+08:00  INFO 464 --- [spring-z-boot-02-mybatis] [restartedMain] w.s.c.ServletWebServerApplicationContext : Root WebApplicationContext: initialization completed in 114 ms
2025-04-24T17:18:05.226+08:00  INFO 464 --- [spring-z-boot-02-mybatis] [restartedMain] o.s.b.a.w.s.WelcomePageHandlerMapping    : Adding welcome page template: index
2025-04-24T17:18:05.278+08:00  INFO 464 --- [spring-z-boot-02-mybatis] [restartedMain] o.s.b.d.a.OptionalLiveReloadServer       : LiveReload server is running on port 35729
2025-04-24T17:18:05.286+08:00  INFO 464 --- [spring-z-boot-02-mybatis] [restartedMain] o.s.b.w.e.t.TomcatWebServer              : Tomcat started on port 8080 (http) with context path '/'
2025-04-24T17:18:05.289+08:00  INFO 464 --- [spring-z-boot-02-mybatis] [restartedMain] c.q.SpringZBoot05ThymeleafApplication    : Started SpringZBoot05ThymeleafApplication in 0.254 seconds (process running for 76.298)
2025-04-24T17:18:05.291+08:00  INFO 464 --- [spring-z-boot-02-mybatis] [restartedMain] .ConditionEvaluationDeltaLoggingListener : Condition evaluation unchanged
2025-04-24T17:18:06.694+08:00  INFO 464 --- [spring-z-boot-02-mybatis] [File Watcher] rtingClassPathChangeChangedEventListener : Restarting due to 4 class path changes (3 additions, 0 deletions, 1 modification)
2025-04-24T17:18:06.695+08:00  INFO 464 --- [spring-z-boot-02-mybatis] [Thread-7] o.s.b.w.e.t.GracefulShutdown             : Commencing graceful shutdown. Waiting for active requests to complete
2025-04-24T17:18:06.886+08:00  INFO 464 --- [spring-z-boot-02-mybatis] [tomcat-shutdown] o.s.b.w.e.t.GracefulShutdown             : Graceful shutdown complete
2025-04-24T17:18:06.945+08:00  INFO 464 --- [spring-z-boot-02-mybatis] [restartedMain] c.q.SpringZBoot05ThymeleafApplication    : Starting SpringZBoot05ThymeleafApplication using Java 17.0.3.1 with PID 464 (D:\dev\Code\SpringBoot\spring-z-boot-05-thymeleaf\target\classes started by de'l'l in D:\dev\Code\SpringBoot)
2025-04-24T17:18:06.946+08:00  INFO 464 --- [spring-z-boot-02-mybatis] [restartedMain] c.q.SpringZBoot05ThymeleafApplication    : No active profile set, falling back to 1 default profile: "default"
2025-04-24T17:18:07.041+08:00  INFO 464 --- [spring-z-boot-02-mybatis] [restartedMain] o.s.b.w.e.t.TomcatWebServer              : Tomcat initialized with port 8080 (http)
2025-04-24T17:18:07.042+08:00  INFO 464 --- [spring-z-boot-02-mybatis] [restartedMain] o.a.c.c.StandardService                  : Starting service [Tomcat]
2025-04-24T17:18:07.042+08:00  INFO 464 --- [spring-z-boot-02-mybatis] [restartedMain] o.a.c.c.StandardEngine                   : Starting Servlet engine: [Apache Tomcat/10.1.39]
2025-04-24T17:18:07.049+08:00  INFO 464 --- [spring-z-boot-02-mybatis] [restartedMain] o.a.c.c.C.[.[.[/]                        : Initializing Spring embedded WebApplicationContext
2025-04-24T17:18:07.049+08:00  INFO 464 --- [spring-z-boot-02-mybatis] [restartedMain] w.s.c.ServletWebServerApplicationContext : Root WebApplicationContext: initialization completed in 102 ms
2025-04-24T17:18:07.096+08:00  INFO 464 --- [spring-z-boot-02-mybatis] [restartedMain] o.s.b.a.w.s.WelcomePageHandlerMapping    : Adding welcome page template: index
2025-04-24T17:18:07.134+08:00  INFO 464 --- [spring-z-boot-02-mybatis] [restartedMain] o.s.b.d.a.OptionalLiveReloadServer       : LiveReload server is running on port 35729
2025-04-24T17:18:07.140+08:00  INFO 464 --- [spring-z-boot-02-mybatis] [restartedMain] o.s.b.w.e.t.TomcatWebServer              : Tomcat started on port 8080 (http) with context path '/'
2025-04-24T17:18:07.142+08:00  INFO 464 --- [spring-z-boot-02-mybatis] [restartedMain] c.q.SpringZBoot05ThymeleafApplication    : Started SpringZBoot05ThymeleafApplication in 0.221 seconds (process running for 78.151)
2025-04-24T17:18:07.143+08:00  INFO 464 --- [spring-z-boot-02-mybatis] [restartedMain] .ConditionEvaluationDeltaLoggingListener : Condition evaluation unchanged
2025-04-24T17:18:08.261+08:00  INFO 464 --- [spring-z-boot-02-mybatis] [http-nio-8080-exec-1] o.a.c.c.C.[.[.[/]                        : Initializing Spring DispatcherServlet 'dispatcherServlet'
2025-04-24T17:18:08.261+08:00  INFO 464 --- [spring-z-boot-02-mybatis] [http-nio-8080-exec-1] o.s.w.s.DispatcherServlet                : Initializing Servlet 'dispatcherServlet'
2025-04-24T17:18:08.262+08:00  INFO 464 --- [spring-z-boot-02-mybatis] [http-nio-8080-exec-1] o.s.w.s.DispatcherServlet                : Completed initialization in 0 ms
2025-04-24T17:18:08.263+08:00  INFO 464 --- [spring-z-boot-02-mybatis] [http-nio-8080-exec-1] c.z.h.HikariDataSource                   : HikariPool-2 - Starting...
2025-04-24T17:18:08.266+08:00  INFO 464 --- [spring-z-boot-02-mybatis] [http-nio-8080-exec-1] c.z.h.p.HikariPool                       : HikariPool-2 - Added connection com.mysql.cj.jdbc.ConnectionImpl@6fe975d
2025-04-24T17:18:08.267+08:00  INFO 464 --- [spring-z-boot-02-mybatis] [http-nio-8080-exec-1] c.z.h.HikariDataSource                   : HikariPool-2 - Start completed.
2025-04-24T17:18:08.272+08:00  WARN 464 --- [spring-z-boot-02-mybatis] [http-nio-8080-exec-1] .m.m.a.ExceptionHandlerExceptionResolver : Resolved [java.lang.ArithmeticException: / by zero]
2025-04-24T17:18:08.315+08:00  WARN 464 --- [spring-z-boot-02-mybatis] [http-nio-8080-exec-2] .m.m.a.ExceptionHandlerExceptionResolver : Resolved [org.springframework.web.servlet.resource.NoResourceFoundException: No static resource favicon.ico.]
2025-04-24T17:23:23.319+08:00  WARN 464 --- [spring-z-boot-02-mybatis] [http-nio-8080-exec-6] .m.m.a.ExceptionHandlerExceptionResolver : Resolved [java.lang.ArithmeticException: / by zero]
2025-04-24T17:23:23.352+08:00  WARN 464 --- [spring-z-boot-02-mybatis] [http-nio-8080-exec-7] .m.m.a.ExceptionHandlerExceptionResolver : Resolved [org.springframework.web.servlet.resource.NoResourceFoundException: No static resource favicon.ico.]
2025-04-24T17:23:23.834+08:00  WARN 464 --- [spring-z-boot-02-mybatis] [http-nio-8080-exec-8] .m.m.a.ExceptionHandlerExceptionResolver : Resolved [java.lang.ArithmeticException: / by zero]
2025-04-24T17:23:23.851+08:00  WARN 464 --- [spring-z-boot-02-mybatis] [http-nio-8080-exec-4] .m.m.a.ExceptionHandlerExceptionResolver : Resolved [org.springframework.web.servlet.resource.NoResourceFoundException: No static resource favicon.ico.]
2025-04-24T17:23:24.007+08:00  WARN 464 --- [spring-z-boot-02-mybatis] [http-nio-8080-exec-9] .m.m.a.ExceptionHandlerExceptionResolver : Resolved [java.lang.ArithmeticException: / by zero]
2025-04-24T17:23:24.038+08:00  WARN 464 --- [spring-z-boot-02-mybatis] [http-nio-8080-exec-10] .m.m.a.ExceptionHandlerExceptionResolver : Resolved [org.springframework.web.servlet.resource.NoResourceFoundException: No static resource favicon.ico.]
2025-04-24T17:23:24.163+08:00  WARN 464 --- [spring-z-boot-02-mybatis] [http-nio-8080-exec-1] .m.m.a.ExceptionHandlerExceptionResolver : Resolved [java.lang.ArithmeticException: / by zero]
2025-04-24T17:23:24.179+08:00  WARN 464 --- [spring-z-boot-02-mybatis] [http-nio-8080-exec-2] .m.m.a.ExceptionHandlerExceptionResolver : Resolved [org.springframework.web.servlet.resource.NoResourceFoundException: No static resource favicon.ico.]
2025-04-24T17:23:24.301+08:00  WARN 464 --- [spring-z-boot-02-mybatis] [http-nio-8080-exec-3] .m.m.a.ExceptionHandlerExceptionResolver : Resolved [java.lang.ArithmeticException: / by zero]
2025-04-24T17:23:24.339+08:00  WARN 464 --- [spring-z-boot-02-mybatis] [http-nio-8080-exec-5] .m.m.a.ExceptionHandlerExceptionResolver : Resolved [org.springframework.web.servlet.resource.NoResourceFoundException: No static resource favicon.ico.]
2025-04-24T17:25:16.877+08:00  INFO 464 --- [spring-z-boot-02-mybatis] [SpringApplicationShutdownHook] o.s.b.w.e.t.GracefulShutdown             : Commencing graceful shutdown. Waiting for active requests to complete
2025-04-24T17:25:17.082+08:00  INFO 464 --- [spring-z-boot-02-mybatis] [tomcat-shutdown] o.s.b.w.e.t.GracefulShutdown             : Graceful shutdown complete
2025-04-24T17:25:17.084+08:00  INFO 464 --- [spring-z-boot-02-mybatis] [SpringApplicationShutdownHook] c.z.h.HikariDataSource                   : HikariPool-2 - Shutdown initiated...
2025-04-24T17:25:17.087+08:00  INFO 464 --- [spring-z-boot-02-mybatis] [SpringApplicationShutdownHook] c.z.h.HikariDataSource                   : HikariPool-2 - Shutdown completed.
2025-04-24T17:35:41.000+08:00  INFO 34952 --- [spring-z-boot-02-mybatis] [restartedMain] c.q.SpringZBoot05ThymeleafApplication    : Starting SpringZBoot05ThymeleafApplication using Java 17.0.3.1 with PID 34952 (D:\dev\Code\SpringBoot\spring-z-boot-05-thymeleaf\target\classes started by de'l'l in D:\dev\Code\SpringBoot)
2025-04-24T17:35:41.005+08:00  INFO 34952 --- [spring-z-boot-02-mybatis] [restartedMain] c.q.SpringZBoot05ThymeleafApplication    : No active profile set, falling back to 1 default profile: "default"
2025-04-24T17:35:41.031+08:00  INFO 34952 --- [spring-z-boot-02-mybatis] [restartedMain] .e.DevToolsPropertyDefaultsPostProcessor : Devtools property defaults active! Set 'spring.devtools.add-properties' to 'false' to disable
2025-04-24T17:35:41.031+08:00  INFO 34952 --- [spring-z-boot-02-mybatis] [restartedMain] .e.DevToolsPropertyDefaultsPostProcessor : For additional web related logging consider setting the 'logging.level.web' property to 'DEBUG'
2025-04-24T17:35:41.609+08:00  INFO 34952 --- [spring-z-boot-02-mybatis] [restartedMain] o.s.b.w.e.t.TomcatWebServer              : Tomcat initialized with port 8080 (http)
2025-04-24T17:35:41.618+08:00  INFO 34952 --- [spring-z-boot-02-mybatis] [restartedMain] o.a.c.c.StandardService                  : Starting service [Tomcat]
2025-04-24T17:35:41.619+08:00  INFO 34952 --- [spring-z-boot-02-mybatis] [restartedMain] o.a.c.c.StandardEngine                   : Starting Servlet engine: [Apache Tomcat/10.1.39]
2025-04-24T17:35:41.644+08:00  INFO 34952 --- [spring-z-boot-02-mybatis] [restartedMain] o.a.c.c.C.[.[.[/]                        : Initializing Spring embedded WebApplicationContext
2025-04-24T17:35:41.645+08:00  INFO 34952 --- [spring-z-boot-02-mybatis] [restartedMain] w.s.c.ServletWebServerApplicationContext : Root WebApplicationContext: initialization completed in 613 ms
2025-04-24T17:35:41.848+08:00  INFO 34952 --- [spring-z-boot-02-mybatis] [restartedMain] o.s.b.a.w.s.WelcomePageHandlerMapping    : Adding welcome page template: index
2025-04-24T17:35:42.029+08:00  INFO 34952 --- [spring-z-boot-02-mybatis] [restartedMain] o.s.b.d.a.OptionalLiveReloadServer       : LiveReload server is running on port 35729
2025-04-24T17:35:42.050+08:00  INFO 34952 --- [spring-z-boot-02-mybatis] [restartedMain] o.s.b.w.e.t.TomcatWebServer              : Tomcat started on port 8080 (http) with context path '/'
2025-04-24T17:35:42.056+08:00  INFO 34952 --- [spring-z-boot-02-mybatis] [restartedMain] c.q.SpringZBoot05ThymeleafApplication    : Started SpringZBoot05ThymeleafApplication in 1.329 seconds (process running for 1.776)
2025-04-24T17:35:44.138+08:00  INFO 34952 --- [spring-z-boot-02-mybatis] [http-nio-8080-exec-1] o.a.c.c.C.[.[.[/]                        : Initializing Spring DispatcherServlet 'dispatcherServlet'
2025-04-24T17:35:44.139+08:00  INFO 34952 --- [spring-z-boot-02-mybatis] [http-nio-8080-exec-1] o.s.w.s.DispatcherServlet                : Initializing Servlet 'dispatcherServlet'
2025-04-24T17:35:44.139+08:00  INFO 34952 --- [spring-z-boot-02-mybatis] [http-nio-8080-exec-1] o.s.w.s.DispatcherServlet                : Completed initialization in 0 ms
2025-04-24T17:35:44.161+08:00  INFO 34952 --- [spring-z-boot-02-mybatis] [http-nio-8080-exec-1] c.z.h.HikariDataSource                   : HikariPool-1 - Starting...
2025-04-24T17:35:44.257+08:00  INFO 34952 --- [spring-z-boot-02-mybatis] [http-nio-8080-exec-1] c.z.h.p.HikariPool                       : HikariPool-1 - Added connection com.mysql.cj.jdbc.ConnectionImpl@21e5cf8
2025-04-24T17:35:44.258+08:00  INFO 34952 --- [spring-z-boot-02-mybatis] [http-nio-8080-exec-1] c.z.h.HikariDataSource                   : HikariPool-1 - Start completed.
2025-04-24T17:35:44.325+08:00  WARN 34952 --- [spring-z-boot-02-mybatis] [http-nio-8080-exec-1] .m.m.a.ExceptionHandlerExceptionResolver : Resolved [java.lang.ArithmeticException: / by zero]
2025-04-24T17:35:44.361+08:00  WARN 34952 --- [spring-z-boot-02-mybatis] [http-nio-8080-exec-5] .m.m.a.ExceptionHandlerExceptionResolver : Resolved [org.springframework.web.servlet.resource.NoResourceFoundException: No static resource favicon.ico.]
2025-04-24T17:35:45.198+08:00  WARN 34952 --- [spring-z-boot-02-mybatis] [http-nio-8080-exec-2] .m.m.a.ExceptionHandlerExceptionResolver : Resolved [java.lang.ArithmeticException: / by zero]
2025-04-24T17:35:45.213+08:00  WARN 34952 --- [spring-z-boot-02-mybatis] [http-nio-8080-exec-4] .m.m.a.ExceptionHandlerExceptionResolver : Resolved [org.springframework.web.servlet.resource.NoResourceFoundException: No static resource favicon.ico.]
2025-04-24T17:35:46.152+08:00  WARN 34952 --- [spring-z-boot-02-mybatis] [http-nio-8080-exec-3] .m.m.a.ExceptionHandlerExceptionResolver : Resolved [java.lang.ArithmeticException: / by zero]
2025-04-24T17:35:46.164+08:00  WARN 34952 --- [spring-z-boot-02-mybatis] [http-nio-8080-exec-6] .m.m.a.ExceptionHandlerExceptionResolver : Resolved [org.springframework.web.servlet.resource.NoResourceFoundException: No static resource favicon.ico.]
2025-04-24T17:44:39.749+08:00  INFO 34952 --- [spring-z-boot-02-mybatis] [File Watcher] rtingClassPathChangeChangedEventListener : Restarting due to 1 class path change (1 addition, 0 deletions, 0 modifications)
2025-04-24T17:44:39.751+08:00  INFO 34952 --- [spring-z-boot-02-mybatis] [Thread-5] o.s.b.w.e.t.GracefulShutdown             : Commencing graceful shutdown. Waiting for active requests to complete
2025-04-24T17:44:39.828+08:00  INFO 34952 --- [spring-z-boot-02-mybatis] [tomcat-shutdown] o.s.b.w.e.t.GracefulShutdown             : Graceful shutdown complete
2025-04-24T17:44:39.831+08:00  INFO 34952 --- [spring-z-boot-02-mybatis] [Thread-5] c.z.h.HikariDataSource                   : HikariPool-1 - Shutdown initiated...
2025-04-24T17:44:39.839+08:00  INFO 34952 --- [spring-z-boot-02-mybatis] [Thread-5] c.z.h.HikariDataSource                   : HikariPool-1 - Shutdown completed.
2025-04-24T17:44:39.896+08:00  INFO 34952 --- [spring-z-boot-02-mybatis] [restartedMain] c.q.SpringZBoot05ThymeleafApplication    : Starting SpringZBoot05ThymeleafApplication using Java 17.0.3.1 with PID 34952 (D:\dev\Code\SpringBoot\spring-z-boot-05-thymeleaf\target\classes started by de'l'l in D:\dev\Code\SpringBoot)
2025-04-24T17:44:39.897+08:00  INFO 34952 --- [spring-z-boot-02-mybatis] [restartedMain] c.q.SpringZBoot05ThymeleafApplication    : No active profile set, falling back to 1 default profile: "default"
2025-04-24T17:44:40.035+08:00  INFO 34952 --- [spring-z-boot-02-mybatis] [restartedMain] o.s.b.w.e.t.TomcatWebServer              : Tomcat initialized with port 8080 (http)
2025-04-24T17:44:40.036+08:00  INFO 34952 --- [spring-z-boot-02-mybatis] [restartedMain] o.a.c.c.StandardService                  : Starting service [Tomcat]
2025-04-24T17:44:40.036+08:00  INFO 34952 --- [spring-z-boot-02-mybatis] [restartedMain] o.a.c.c.StandardEngine                   : Starting Servlet engine: [Apache Tomcat/10.1.39]
2025-04-24T17:44:40.042+08:00  INFO 34952 --- [spring-z-boot-02-mybatis] [restartedMain] o.a.c.c.C.[.[.[/]                        : Initializing Spring embedded WebApplicationContext
2025-04-24T17:44:40.042+08:00  INFO 34952 --- [spring-z-boot-02-mybatis] [restartedMain] w.s.c.ServletWebServerApplicationContext : Root WebApplicationContext: initialization completed in 142 ms
2025-04-24T17:44:40.092+08:00  INFO 34952 --- [spring-z-boot-02-mybatis] [restartedMain] o.s.b.a.w.s.WelcomePageHandlerMapping    : Adding welcome page template: index
2025-04-24T17:44:40.135+08:00  INFO 34952 --- [spring-z-boot-02-mybatis] [restartedMain] o.s.b.d.a.OptionalLiveReloadServer       : LiveReload server is running on port 35729
2025-04-24T17:44:40.142+08:00  INFO 34952 --- [spring-z-boot-02-mybatis] [restartedMain] o.s.b.w.e.t.TomcatWebServer              : Tomcat started on port 8080 (http) with context path '/'
2025-04-24T17:44:40.144+08:00  INFO 34952 --- [spring-z-boot-02-mybatis] [restartedMain] c.q.SpringZBoot05ThymeleafApplication    : Started SpringZBoot05ThymeleafApplication in 0.274 seconds (process running for 537.153)
2025-04-24T17:44:40.146+08:00  INFO 34952 --- [spring-z-boot-02-mybatis] [restartedMain] .ConditionEvaluationDeltaLoggingListener : Condition evaluation unchanged
2025-04-24T17:44:44.646+08:00  INFO 34952 --- [spring-z-boot-02-mybatis] [http-nio-8080-exec-1] o.a.c.c.C.[.[.[/]                        : Initializing Spring DispatcherServlet 'dispatcherServlet'
2025-04-24T17:44:44.646+08:00  INFO 34952 --- [spring-z-boot-02-mybatis] [http-nio-8080-exec-1] o.s.w.s.DispatcherServlet                : Initializing Servlet 'dispatcherServlet'
2025-04-24T17:44:44.647+08:00  INFO 34952 --- [spring-z-boot-02-mybatis] [http-nio-8080-exec-1] o.s.w.s.DispatcherServlet                : Completed initialization in 1 ms
2025-04-24T17:44:44.686+08:00  WARN 34952 --- [spring-z-boot-02-mybatis] [http-nio-8080-exec-2] .m.m.a.ExceptionHandlerExceptionResolver : Resolved [org.springframework.web.servlet.resource.NoResourceFoundException: No static resource favicon.ico.]
2025-04-24T17:46:35.749+08:00  INFO 34952 --- [spring-z-boot-02-mybatis] [File Watcher] rtingClassPathChangeChangedEventListener : Restarting due to 1 class path change (0 additions, 0 deletions, 1 modification)
2025-04-24T17:46:35.749+08:00  INFO 34952 --- [spring-z-boot-02-mybatis] [Thread-7] o.s.b.w.e.t.GracefulShutdown             : Commencing graceful shutdown. Waiting for active requests to complete
2025-04-24T17:46:35.839+08:00  INFO 34952 --- [spring-z-boot-02-mybatis] [tomcat-shutdown] o.s.b.w.e.t.GracefulShutdown             : Graceful shutdown complete
2025-04-24T17:46:35.889+08:00  INFO 34952 --- [spring-z-boot-02-mybatis] [restartedMain] c.q.SpringZBoot05ThymeleafApplication    : Starting SpringZBoot05ThymeleafApplication using Java 17.0.3.1 with PID 34952 (D:\dev\Code\SpringBoot\spring-z-boot-05-thymeleaf\target\classes started by de'l'l in D:\dev\Code\SpringBoot)
2025-04-24T17:46:35.890+08:00  INFO 34952 --- [spring-z-boot-02-mybatis] [restartedMain] c.q.SpringZBoot05ThymeleafApplication    : No active profile set, falling back to 1 default profile: "default"
2025-04-24T17:46:35.980+08:00  INFO 34952 --- [spring-z-boot-02-mybatis] [restartedMain] o.s.b.w.e.t.TomcatWebServer              : Tomcat initialized with port 8080 (http)
2025-04-24T17:46:35.981+08:00  INFO 34952 --- [spring-z-boot-02-mybatis] [restartedMain] o.a.c.c.StandardService                  : Starting service [Tomcat]
2025-04-24T17:46:35.982+08:00  INFO 34952 --- [spring-z-boot-02-mybatis] [restartedMain] o.a.c.c.StandardEngine                   : Starting Servlet engine: [Apache Tomcat/10.1.39]
2025-04-24T17:46:35.987+08:00  INFO 34952 --- [spring-z-boot-02-mybatis] [restartedMain] o.a.c.c.C.[.[.[/]                        : Initializing Spring embedded WebApplicationContext
2025-04-24T17:46:35.988+08:00  INFO 34952 --- [spring-z-boot-02-mybatis] [restartedMain] w.s.c.ServletWebServerApplicationContext : Root WebApplicationContext: initialization completed in 97 ms
2025-04-24T17:46:36.030+08:00  INFO 34952 --- [spring-z-boot-02-mybatis] [restartedMain] o.s.b.a.w.s.WelcomePageHandlerMapping    : Adding welcome page template: index
2025-04-24T17:46:36.063+08:00  INFO 34952 --- [spring-z-boot-02-mybatis] [restartedMain] o.s.b.d.a.OptionalLiveReloadServer       : LiveReload server is running on port 35729
2025-04-24T17:46:36.069+08:00  INFO 34952 --- [spring-z-boot-02-mybatis] [restartedMain] o.s.b.w.e.t.TomcatWebServer              : Tomcat started on port 8080 (http) with context path '/'
2025-04-24T17:46:36.071+08:00  INFO 34952 --- [spring-z-boot-02-mybatis] [restartedMain] c.q.SpringZBoot05ThymeleafApplication    : Started SpringZBoot05ThymeleafApplication in 0.202 seconds (process running for 653.08)
2025-04-24T17:46:36.072+08:00  INFO 34952 --- [spring-z-boot-02-mybatis] [restartedMain] .ConditionEvaluationDeltaLoggingListener : Condition evaluation unchanged
2025-04-24T17:46:40.274+08:00  INFO 34952 --- [spring-z-boot-02-mybatis] [http-nio-8080-exec-1] o.a.c.c.C.[.[.[/]                        : Initializing Spring DispatcherServlet 'dispatcherServlet'
2025-04-24T17:46:40.274+08:00  INFO 34952 --- [spring-z-boot-02-mybatis] [http-nio-8080-exec-1] o.s.w.s.DispatcherServlet                : Initializing Servlet 'dispatcherServlet'
2025-04-24T17:46:40.275+08:00  INFO 34952 --- [spring-z-boot-02-mybatis] [http-nio-8080-exec-1] o.s.w.s.DispatcherServlet                : Completed initialization in 1 ms
2025-04-24T17:46:40.300+08:00  WARN 34952 --- [spring-z-boot-02-mybatis] [http-nio-8080-exec-2] .m.m.a.ExceptionHandlerExceptionResolver : Resolved [org.springframework.web.servlet.resource.NoResourceFoundException: No static resource favicon.ico.]
2025-04-24T17:49:18.911+08:00  INFO 34952 --- [spring-z-boot-02-mybatis] [File Watcher] rtingClassPathChangeChangedEventListener : Restarting due to 1 class path change (0 additions, 1 deletion, 0 modifications)
2025-04-24T17:49:18.912+08:00  INFO 34952 --- [spring-z-boot-02-mybatis] [Thread-11] o.s.b.w.e.t.GracefulShutdown             : Commencing graceful shutdown. Waiting for active requests to complete
2025-04-24T17:49:19.003+08:00  INFO 34952 --- [spring-z-boot-02-mybatis] [tomcat-shutdown] o.s.b.w.e.t.GracefulShutdown             : Graceful shutdown complete
2025-04-24T17:49:19.054+08:00  INFO 34952 --- [spring-z-boot-02-mybatis] [restartedMain] c.q.SpringZBoot05ThymeleafApplication    : Starting SpringZBoot05ThymeleafApplication using Java 17.0.3.1 with PID 34952 (D:\dev\Code\SpringBoot\spring-z-boot-05-thymeleaf\target\classes started by de'l'l in D:\dev\Code\SpringBoot)
2025-04-24T17:49:19.054+08:00  INFO 34952 --- [spring-z-boot-02-mybatis] [restartedMain] c.q.SpringZBoot05ThymeleafApplication    : No active profile set, falling back to 1 default profile: "default"
2025-04-24T17:49:19.153+08:00  INFO 34952 --- [spring-z-boot-02-mybatis] [restartedMain] o.s.b.w.e.t.TomcatWebServer              : Tomcat initialized with port 8080 (http)
2025-04-24T17:49:19.153+08:00  INFO 34952 --- [spring-z-boot-02-mybatis] [restartedMain] o.a.c.c.StandardService                  : Starting service [Tomcat]
2025-04-24T17:49:19.154+08:00  INFO 34952 --- [spring-z-boot-02-mybatis] [restartedMain] o.a.c.c.StandardEngine                   : Starting Servlet engine: [Apache Tomcat/10.1.39]
2025-04-24T17:49:19.161+08:00  INFO 34952 --- [spring-z-boot-02-mybatis] [restartedMain] o.a.c.c.C.[.[.[/]                        : Initializing Spring embedded WebApplicationContext
2025-04-24T17:49:19.161+08:00  INFO 34952 --- [spring-z-boot-02-mybatis] [restartedMain] w.s.c.ServletWebServerApplicationContext : Root WebApplicationContext: initialization completed in 106 ms
2025-04-24T17:49:19.210+08:00  INFO 34952 --- [spring-z-boot-02-mybatis] [restartedMain] o.s.b.a.w.s.WelcomePageHandlerMapping    : Adding welcome page template: index
2025-04-24T17:49:19.258+08:00  INFO 34952 --- [spring-z-boot-02-mybatis] [restartedMain] o.s.b.d.a.OptionalLiveReloadServer       : LiveReload server is running on port 35729
2025-04-24T17:49:19.265+08:00  INFO 34952 --- [spring-z-boot-02-mybatis] [restartedMain] o.s.b.w.e.t.TomcatWebServer              : Tomcat started on port 8080 (http) with context path '/'
2025-04-24T17:49:19.268+08:00  INFO 34952 --- [spring-z-boot-02-mybatis] [restartedMain] c.q.SpringZBoot05ThymeleafApplication    : Started SpringZBoot05ThymeleafApplication in 0.235 seconds (process running for 816.277)
2025-04-24T17:49:19.269+08:00  INFO 34952 --- [spring-z-boot-02-mybatis] [restartedMain] .ConditionEvaluationDeltaLoggingListener : Condition evaluation unchanged
2025-04-24T17:49:20.685+08:00  INFO 34952 --- [spring-z-boot-02-mybatis] [File Watcher] rtingClassPathChangeChangedEventListener : Restarting due to 1 class path change (1 addition, 0 deletions, 0 modifications)
2025-04-24T17:49:20.686+08:00  INFO 34952 --- [spring-z-boot-02-mybatis] [Thread-15] o.s.b.w.e.t.GracefulShutdown             : Commencing graceful shutdown. Waiting for active requests to complete
2025-04-24T17:49:20.772+08:00  INFO 34952 --- [spring-z-boot-02-mybatis] [tomcat-shutdown] o.s.b.w.e.t.GracefulShutdown             : Graceful shutdown complete
2025-04-24T17:49:20.828+08:00  INFO 34952 --- [spring-z-boot-02-mybatis] [restartedMain] c.q.SpringZBoot05ThymeleafApplication    : Starting SpringZBoot05ThymeleafApplication using Java 17.0.3.1 with PID 34952 (D:\dev\Code\SpringBoot\spring-z-boot-05-thymeleaf\target\classes started by de'l'l in D:\dev\Code\SpringBoot)
2025-04-24T17:49:20.828+08:00  INFO 34952 --- [spring-z-boot-02-mybatis] [restartedMain] c.q.SpringZBoot05ThymeleafApplication    : No active profile set, falling back to 1 default profile: "default"
2025-04-24T17:49:20.927+08:00  INFO 34952 --- [spring-z-boot-02-mybatis] [restartedMain] o.s.b.w.e.t.TomcatWebServer              : Tomcat initialized with port 8080 (http)
2025-04-24T17:49:20.927+08:00  INFO 34952 --- [spring-z-boot-02-mybatis] [restartedMain] o.a.c.c.StandardService                  : Starting service [Tomcat]
2025-04-24T17:49:20.928+08:00  INFO 34952 --- [spring-z-boot-02-mybatis] [restartedMain] o.a.c.c.StandardEngine                   : Starting Servlet engine: [Apache Tomcat/10.1.39]
2025-04-24T17:49:20.934+08:00  INFO 34952 --- [spring-z-boot-02-mybatis] [restartedMain] o.a.c.c.C.[.[.[/]                        : Initializing Spring embedded WebApplicationContext
2025-04-24T17:49:20.934+08:00  INFO 34952 --- [spring-z-boot-02-mybatis] [restartedMain] w.s.c.ServletWebServerApplicationContext : Root WebApplicationContext: initialization completed in 105 ms
2025-04-24T17:49:20.974+08:00  INFO 34952 --- [spring-z-boot-02-mybatis] [restartedMain] o.s.b.a.w.s.WelcomePageHandlerMapping    : Adding welcome page template: index
2025-04-24T17:49:21.011+08:00  INFO 34952 --- [spring-z-boot-02-mybatis] [restartedMain] o.s.b.d.a.OptionalLiveReloadServer       : LiveReload server is running on port 35729
2025-04-24T17:49:21.017+08:00  INFO 34952 --- [spring-z-boot-02-mybatis] [restartedMain] o.s.b.w.e.t.TomcatWebServer              : Tomcat started on port 8080 (http) with context path '/'
2025-04-24T17:49:21.019+08:00  INFO 34952 --- [spring-z-boot-02-mybatis] [restartedMain] c.q.SpringZBoot05ThymeleafApplication    : Started SpringZBoot05ThymeleafApplication in 0.212 seconds (process running for 818.029)
2025-04-24T17:49:21.020+08:00  INFO 34952 --- [spring-z-boot-02-mybatis] [restartedMain] .ConditionEvaluationDeltaLoggingListener : Condition evaluation unchanged
2025-04-24T17:49:21.138+08:00  INFO 34952 --- [spring-z-boot-02-mybatis] [http-nio-8080-exec-1] o.a.c.c.C.[.[.[/]                        : Initializing Spring DispatcherServlet 'dispatcherServlet'
2025-04-24T17:49:21.138+08:00  INFO 34952 --- [spring-z-boot-02-mybatis] [http-nio-8080-exec-1] o.s.w.s.DispatcherServlet                : Initializing Servlet 'dispatcherServlet'
2025-04-24T17:49:21.139+08:00  INFO 34952 --- [spring-z-boot-02-mybatis] [http-nio-8080-exec-1] o.s.w.s.DispatcherServlet                : Completed initialization in 1 ms
2025-04-24T17:49:21.164+08:00  WARN 34952 --- [spring-z-boot-02-mybatis] [http-nio-8080-exec-2] .m.m.a.ExceptionHandlerExceptionResolver : Resolved [org.springframework.web.servlet.resource.NoResourceFoundException: No static resource favicon.ico.]
2025-04-24T17:49:22.571+08:00  WARN 34952 --- [spring-z-boot-02-mybatis] [http-nio-8080-exec-8] .m.m.a.ExceptionHandlerExceptionResolver : Resolved [org.springframework.web.servlet.resource.NoResourceFoundException: No static resource favicon.ico.]
2025-04-24T17:51:35.240+08:00  INFO 34952 --- [spring-z-boot-02-mybatis] [SpringApplicationShutdownHook] o.s.b.w.e.t.GracefulShutdown             : Commencing graceful shutdown. Waiting for active requests to complete
2025-04-24T17:51:35.325+08:00  INFO 34952 --- [spring-z-boot-02-mybatis] [tomcat-shutdown] o.s.b.w.e.t.GracefulShutdown             : Graceful shutdown complete
